0 info it worked if it ends with ok
1 verbose cli [ '/usr/bin/nodejs', '/usr/local/bin/npm', 'run', 'test' ]
2 info using npm@3.3.12
3 info using node@v5.2.0
4 verbose run-script [ 'pretest', 'test', 'posttest' ]
5 info lifecycle client@1.0.0~pretest: client@1.0.0
6 silly lifecycle client@1.0.0~pretest: no script for pretest, continuing
7 info lifecycle client@1.0.0~test: client@1.0.0
8 verbose lifecycle client@1.0.0~test: unsafe-perm in lifecycle true
9 verbose lifecycle client@1.0.0~test: PATH: /usr/local/lib/node_modules/npm/bin/node-gyp-bin:/home/anita/Documents/Projects/brainsandbrawns/client/node_modules/.bin:/home/anita/Documents/Projects/brainsandbrawns/client/node_modules/.bin:/usr/lib/git-core:/usr/local/heroku/bin:/home/anita/bin:/usr/local/sbin:/usr/local/bin:/usr/sbin:/usr/bin:/sbin:/bin:/usr/games:/usr/local/games:/usr/lib/jvm/java-7-oracle/bin:/usr/lib/jvm/java-7-oracle/db/bin:/usr/lib/jvm/java-7-oracle/jre/bin:/usr/lib/android-sdk/sdk/tools:/usr/lib/android-sdk/sdk/platform-tools:/home/anita/units174/bin:/home/anita/elasticsearch-1.7.2/bin:/home/anita/Android/Sdk/tools:/home/anita/Android/Sdk/platform-tools
10 verbose lifecycle client@1.0.0~test: CWD: /home/anita/Documents/Projects/brainsandbrawns/client
11 silly lifecycle client@1.0.0~test: Args: [ '-c',
11 silly lifecycle   'npm run lint && istanbul cover _mocha -- --compilers js:babel-register --require ./test/test_helper.js --recursive ./test' ]
12 silly lifecycle client@1.0.0~test: Returned: code: 1  signal: null
13 info lifecycle client@1.0.0~test: Failed to exec test script
14 verbose stack Error: client@1.0.0 test: `npm run lint && istanbul cover _mocha -- --compilers js:babel-register --require ./test/test_helper.js --recursive ./test`
14 verbose stack Exit status 1
14 verbose stack     at EventEmitter.<anonymous> (/usr/local/lib/node_modules/npm/lib/utils/lifecycle.js:232:16)
14 verbose stack     at emitTwo (events.js:88:13)
14 verbose stack     at EventEmitter.emit (events.js:173:7)
14 verbose stack     at ChildProcess.<anonymous> (/usr/local/lib/node_modules/npm/lib/utils/spawn.js:24:14)
14 verbose stack     at emitTwo (events.js:88:13)
14 verbose stack     at ChildProcess.emit (events.js:173:7)
14 verbose stack     at maybeClose (internal/child_process.js:819:16)
14 verbose stack     at Process.ChildProcess._handle.onexit (internal/child_process.js:212:5)
15 verbose pkgid client@1.0.0
16 verbose cwd /home/anita/Documents/Projects/brainsandbrawns/client
17 error Linux 3.13.0-96-generic
18 error argv "/usr/bin/nodejs" "/usr/local/bin/npm" "run" "test"
19 error node v5.2.0
20 error npm  v3.3.12
21 error code ELIFECYCLE
22 error client@1.0.0 test: `npm run lint && istanbul cover _mocha -- --compilers js:babel-register --require ./test/test_helper.js --recursive ./test`
22 error Exit status 1
23 error Failed at the client@1.0.0 test script 'npm run lint && istanbul cover _mocha -- --compilers js:babel-register --require ./test/test_helper.js --recursive ./test'.
23 error Make sure you have the latest version of node.js and npm installed.
23 error If you do, this is most likely a problem with the client package,
23 error not with npm itself.
23 error Tell the author that this fails on your system:
23 error     npm run lint && istanbul cover _mocha -- --compilers js:babel-register --require ./test/test_helper.js --recursive ./test
23 error You can get their info via:
23 error     npm owner ls client
23 error There is likely additional logging output above.
24 verbose exit [ 1, true ]
